Added Component: Designator=C?(RAD-0.3)
Add component (AddParameter): Name = "LatestRevisionDate"; Value = "17-Jul-2002"; VariantName = "[No Variations]"
Add component (AddParameter): Name = "LatestRevisionNote"; Value = "Re-released for DXP Platform."; VariantName = "[No Variations]"
Add component (AddParameter): Name = "PackageDescription"; Value = "Radial Cap, Thru-Hole; 2 Leads; 0.3 in Pin Spacing"; VariantName = "[No Variations]"
Add component (AddParameter): Name = "PackageReference"; Value = "RAD-0.3"; VariantName = "[No Variations]"
Add component (AddParameter): Name = "Published"; Value = "8-Jun-2000"; VariantName = "[No Variations]"
Add component (AddParameter): Name = "Publisher"; Value = "Altium Limited"; VariantName = "[No Variations]"
Add component (AddParameter): Name = "Value"; Value = "5uF"; VariantName = "[No Variations]"
Added Component: Designator=J?(USB3085-XX-X_revD)
Added Pin To Net: NetName=3V3 Pin=U?-55
Added Net: Name=3V3
Added Pin To Net: NetName=5V_USB Pin=C?-2
Added Pin To Net: NetName=5V_USB Pin=J?-1
Added Pin To Net: NetName=5V_USB Pin=U?-54
Added Net: Name=5V_USB
Added Pin To Net: NetName=GND Pin=C?-1
Added Pin To Net: NetName=GND Pin=J?-5
Added Pin To Net: NetName=GND Pin=J?-S
Added Pin To Net: NetName=GND Pin=J?-S
Added Pin To Net: NetName=GND Pin=J?-S
Added Pin To Net: NetName=GND Pin=J?-S
Added Net: Name=GND
Added Pin To Net: NetName=NetJ?_2 Pin=J?-2
Added Pin To Net: NetName=NetJ?_2 Pin=U?-56
Added Net: Name=NetJ?_2
Added Pin To Net: NetName=NetJ?_3 Pin=J?-3
Added Pin To Net: NetName=NetJ?_3 Pin=U?-57
Added Net: Name=NetJ?_3
Added Pin To Net: NetName=NetJ?_4 Pin=J?-4
Added Pin To Net: NetName=NetJ?_4 Pin=U?-51
Added Net: Name=NetJ?_4
Added Class: Name=Designator
Change Room Name: Old Name=MCU_Breakout New Name=Designator
Change Room Scope: Old Scope=InComponentClass('MCU_Breakout') New Scope=InComponentClass('Designator')
Added Room: Name=Designator
